
>>> Running: sudo docker pull alfin06/agentissue-bench:crewai_2150
crewai_2150: Pulling from alfin06/agentissue-bench
ce1261c6d567: Already exists
ae44614ad59a: Already exists
48b120ca37b5: Already exists
debe34bebc01: Already exists
cb8c31aa8632: Pulling fs layer
f9fc91061bf8: Pulling fs layer
4f4fb700ef54: Pulling fs layer
5eef61847e36: Pulling fs layer
e6cc5477a6e4: Pulling fs layer
a6bc6880f942: Pulling fs layer
4a579f2213e3: Pulling fs layer
f1ddc7529049: Pulling fs layer
827e1c007448: Pulling fs layer
241ff3c59fc6: Pulling fs layer
9fee3152ac3b: Pulling fs layer
4a579f2213e3: Waiting
f1ddc7529049: Waiting
a6bc6880f942: Waiting
827e1c007448: Waiting
241ff3c59fc6: Waiting
5eef61847e36: Waiting
9fee3152ac3b: Waiting
e6cc5477a6e4: Waiting
4f4fb700ef54: Verifying Checksum
4f4fb700ef54: Download complete
5eef61847e36: Verifying Checksum
5eef61847e36: Download complete
cb8c31aa8632: Download complete
a6bc6880f942: Download complete
e6cc5477a6e4: Verifying Checksum
e6cc5477a6e4: Download complete
f1ddc7529049: Download complete
f9fc91061bf8: Verifying Checksum
f9fc91061bf8: Download complete
241ff3c59fc6: Verifying Checksum
241ff3c59fc6: Download complete
9fee3152ac3b: Verifying Checksum
9fee3152ac3b: Download complete
827e1c007448: Verifying Checksum
827e1c007448: Download complete
4a579f2213e3: Verifying Checksum
4a579f2213e3: Download complete
cb8c31aa8632: Pull complete
f9fc91061bf8: Pull complete
4f4fb700ef54: Pull complete
5eef61847e36: Pull complete
e6cc5477a6e4: Pull complete
a6bc6880f942: Pull complete
4a579f2213e3: Pull complete
f1ddc7529049: Pull complete
827e1c007448: Pull complete
241ff3c59fc6: Pull complete
9fee3152ac3b: Pull complete
Digest: sha256:c95f123ff05281f0b55b2c808939720273877aa2349288c81f6cebceb0d54a82
Status: Downloaded newer image for alfin06/agentissue-bench:crewai_2150
docker.io/alfin06/agentissue-bench:crewai_2150

--- Exit code: 0 ---

>>> Running: sudo docker run --rm "alfin06/agentissue-bench:crewai_2150" test_buggy
=== Testing BUGGY Version (Commit: 34d299345677c7ce26b1368f240c559596526fa7) ===
HEAD is now at 34d29934 Update the constants.py file adding the list of foundation models available in Amazon Bedrock (#2170)
Obtaining file:///app/source_code_buggy
  Installing build dependencies: started
  Installing build dependencies: finished with status 'done'
  Checking if build backend supports build_editable: started
  Checking if build backend supports build_editable: finished with status 'done'
  Getting requirements to build editable: started
  Getting requirements to build editable: finished with status 'done'
  Installing backend dependencies: started
  Installing backend dependencies: finished with status 'done'
  Preparing editable metadata (pyproject.toml): started
  Preparing editable metadata (pyproject.toml): finished with status 'done'
Requirement already satisfied: appdirs>=1.4.4 in /usr/local/lib/python3.12/site-packages (from crewai==0.102.0) (1.4.4)
Requirement already satisfied: auth0-python>=4.7.1 in /usr/local/lib/python3.12/site-packages (from crewai==0.102.0) (4.13.0)
Requirement already satisfied: blinker>=1.9.0 in /usr/local/lib/python3.12/site-packages (from crewai==0.102.0) (1.9.0)
Requirement already satisfied: chromadb>=0.5.23 in /usr/local/lib/python3.12/site-packages (from crewai==0.102.0) (0.5.23)
Requirement already satisfied: click>=8.1.7 in /usr/local/lib/python3.12/site-packages (from crewai==0.102.0) (8.3.0)
Requirement already satisfied: instructor>=1.3.3 in /usr/local/lib/python3.12/site-packages (from crewai==0.102.0) (1.11.3)
Requirement already satisfied: json-repair>=0.25.2 in /usr/local/lib/python3.12/site-packages (from crewai==0.102.0) (0.51.0)
Requirement already satisfied: json5>=0.10.0 in /usr/local/lib/python3.12/site-packages (from crewai==0.102.0) (0.12.1)
Requirement already satisfied: jsonref>=1.1.0 in /usr/local/lib/python3.12/site-packages (from crewai==0.102.0) (1.1.0)
Requirement already satisfied: litellm==1.60.2 in /usr/local/lib/python3.12/site-packages (from crewai==0.102.0) (1.60.2)
Requirement already satisfied: openai>=1.13.3 in /usr/local/lib/python3.12/site-packages (from crewai==0.102.0) (1.109.1)
Requirement already satisfied: openpyxl>=3.1.5 in /usr/local/lib/python3.12/site-packages (from crewai==0.102.0) (3.1.5)
Requirement already satisfied: opentelemetry-api>=1.22.0 in /usr/local/lib/python3.12/site-packages (from crewai==0.102.0) (1.37.0)
Requirement already satisfied: opentelemetry-exporter-otlp-proto-http>=1.22.0 in /usr/local/lib/python3.12/site-packages (from crewai==0.102.0) (1.37.0)
Requirement already satisfied: opentelemetry-sdk>=1.22.0 in /usr/local/lib/python3.12/site-packages (from crewai==0.102.0) (1.37.0)
Requirement already satisfied: pdfplumber>=0.11.4 in /usr/local/lib/python3.12/site-packages (from crewai==0.102.0) (0.11.7)
Requirement already satisfied: pydantic>=2.4.2 in /usr/local/lib/python3.12/site-packages (from crewai==0.102.0) (2.11.9)
Requirement already satisfied: python-dotenv>=1.0.0 in /usr/local/lib/python3.12/site-packages (from crewai==0.102.0) (1.1.1)
Requirement already satisfied: pyvis>=0.3.2 in /usr/local/lib/python3.12/site-packages (from crewai==0.102.0) (0.3.2)
Requirement already satisfied: regex>=2024.9.11 in /usr/local/lib/python3.12/site-packages (from crewai==0.102.0) (2025.9.18)
Requirement already satisfied: tomli-w>=1.1.0 in /usr/local/lib/python3.12/site-packages (from crewai==0.102.0) (1.2.0)
Requirement already satisfied: tomli>=2.0.2 in /usr/local/lib/python3.12/site-packages (from crewai==0.102.0) (2.2.1)
Requirement already satisfied: uv>=0.4.25 in /usr/local/lib/python3.12/site-packages (from crewai==0.102.0) (0.8.22)
Requirement already satisfied: aiohttp in /usr/local/lib/python3.12/site-packages (from litellm==1.60.2->crewai==0.102.0) (3.12.15)
Requirement already satisfied: httpx<0.28.0,>=0.23.0 in /usr/local/lib/python3.12/site-packages (from litellm==1.60.2->crewai==0.102.0) (0.27.2)
Requirement already satisfied: importlib-metadata>=6.8.0 in /usr/local/lib/python3.12/site-packages (from litellm==1.60.2->crewai==0.102.0) (8.7.0)
Requirement already satisfied: jinja2<4.0.0,>=3.1.2 in /usr/local/lib/python3.12/site-packages (from litellm==1.60.2->crewai==0.102.0) (3.1.6)
Requirement already satisfied: jsonschema<5.0.0,>=4.22.0 in /usr/local/lib/python3.12/site-packages (from litellm==1.60.2->crewai==0.102.0) (4.25.1)
Requirement already satisfied: tiktoken>=0.7.0 in /usr/local/lib/python3.12/site-packages (from litellm==1.60.2->crewai==0.102.0) (0.11.0)
Requirement already satisfied: tokenizers in /usr/local/lib/python3.12/site-packages (from litellm==1.60.2->crewai==0.102.0) (0.20.3)
Requirement already satisfied: cryptography>=43.0.1 in /usr/local/lib/python3.12/site-packages (from auth0-python>=4.7.1->crewai==0.102.0) (46.0.1)
Requirement already satisfied: pyjwt>=2.8.0 in /usr/local/lib/python3.12/site-packages (from auth0-python>=4.7.1->crewai==0.102.0) (2.10.1)
Requirement already satisfied: requests>=2.32.3 in /usr/local/lib/python3.12/site-packages (from auth0-python>=4.7.1->crewai==0.102.0) (2.32.5)
Requirement already satisfied: urllib3>=2.2.3 in /usr/local/lib/python3.12/site-packages (from auth0-python>=4.7.1->crewai==0.102.0) (2.5.0)
Requirement already satisfied: build>=1.0.3 in /usr/local/lib/python3.12/site-packages (from chromadb>=0.5.23->crewai==0.102.0) (1.3.0)
Requirement already satisfied: chroma-hnswlib==0.7.6 in /usr/local/lib/python3.12/site-packages (from chromadb>=0.5.23->crewai==0.102.0) (0.7.6)
Requirement already satisfied: fastapi>=0.95.2 in /usr/local/lib/python3.12/site-packages (from chromadb>=0.5.23->crewai==0.102.0) (0.117.1)
Requirement already satisfied: uvicorn>=0.18.3 in /usr/local/lib/python3.12/site-packages (from uvicorn[standard]>=0.18.3->chromadb>=0.5.23->crewai==0.102.0) (0.37.0)
Requirement already satisfied: numpy>=1.22.5 in /usr/local/lib/python3.12/site-packages (from chromadb>=0.5.23->crewai==0.102.0) (2.3.3)
Requirement already satisfied: posthog>=2.4.0 in /usr/local/lib/python3.12/site-packages (from chromadb>=0.5.23->crewai==0.102.0) (3.25.0)
Requirement already satisfied: typing_extensions>=4.5.0 in /usr/local/lib/python3.12/site-packages (from chromadb>=0.5.23->crewai==0.102.0) (4.15.0)
Requirement already satisfied: onnxruntime>=1.14.1 in /usr/local/lib/python3.12/site-packages (from chromadb>=0.5.23->crewai==0.102.0) (1.23.0)
Requirement already satisfied: opentelemetry-exporter-otlp-proto-grpc>=1.2.0 in /usr/local/lib/python3.12/site-packages (from chromadb>=0.5.23->crewai==0.102.0) (1.37.0)
Requirement already satisfied: opentelemetry-instrumentation-fastapi>=0.41b0 in /usr/local/lib/python3.12/site-packages (from chromadb>=0.5.23->crewai==0.102.0) (0.58b0)
Requirement already satisfied: pypika>=0.48.9 in /usr/local/lib/python3.12/site-packages (from chromadb>=0.5.23->crewai==0.102.0) (0.48.9)
Requirement already satisfied: tqdm>=4.65.0 in /usr/local/lib/python3.12/site-packages (from chromadb>=0.5.23->crewai==0.102.0) (4.67.1)
Requirement already satisfied: overrides>=7.3.1 in /usr/local/lib/python3.12/site-packages (from chromadb>=0.5.23->crewai==0.102.0) (7.7.0)
Requirement already satisfied: importlib-resources in /usr/local/lib/python3.12/site-packages (from chromadb>=0.5.23->crewai==0.102.0) (6.5.2)
Requirement already satisfied: grpcio>=1.58.0 in /usr/local/lib/python3.12/site-packages (from chromadb>=0.5.23->crewai==0.102.0) (1.75.1)
Requirement already satisfied: bcrypt>=4.0.1 in /usr/local/lib/python3.12/site-packages (from chromadb>=0.5.23->crewai==0.102.0) (5.0.0)
Requirement already satisfied: typer>=0.9.0 in /usr/local/lib/python3.12/site-packages (from chromadb>=0.5.23->crewai==0.102.0) (0.19.2)
Requirement already satisfied: kubernetes>=28.1.0 in /usr/local/lib/python3.12/site-packages (from chromadb>=0.5.23->crewai==0.102.0) (33.1.0)
Requirement already satisfied: tenacity>=8.2.3 in /usr/local/lib/python3.12/site-packages (from chromadb>=0.5.23->crewai==0.102.0) (9.1.2)
Requirement already satisfied: PyYAML>=6.0.0 in /usr/local/lib/python3.12/site-packages (from chromadb>=0.5.23->crewai==0.102.0) (6.0.3)
Requirement already satisfied: mmh3>=4.0.1 in /usr/local/lib/python3.12/site-packages (from chromadb>=0.5.23->crewai==0.102.0) (5.2.0)
Requirement already satisfied: orjson>=3.9.12 in /usr/local/lib/python3.12/site-packages (from chromadb>=0.5.23->crewai==0.102.0) (3.11.3)
Requirement already satisfied: rich>=10.11.0 in /usr/local/lib/python3.12/site-packages (from chromadb>=0.5.23->crewai==0.102.0) (13.9.4)
Requirement already satisfied: diskcache>=5.6.3 in /usr/local/lib/python3.12/site-packages (from instructor>=1.3.3->crewai==0.102.0) (5.6.3)
Requirement already satisfied: docstring-parser<1.0,>=0.16 in /usr/local/lib/python3.12/site-packages (from instructor>=1.3.3->crewai==0.102.0) (0.17.0)
Requirement already satisfied: jiter<0.11,>=0.6.1 in /usr/local/lib/python3.12/site-packages (from instructor>=1.3.3->crewai==0.102.0) (0.10.0)
Requirement already satisfied: pydantic-core<3.0.0,>=2.18.0 in /usr/local/lib/python3.12/site-packages (from instructor>=1.3.3->crewai==0.102.0) (2.33.2)
Requirement already satisfied: anyio<5,>=3.5.0 in /usr/local/lib/python3.12/site-packages (from openai>=1.13.3->crewai==0.102.0) (4.11.0)
Requirement already satisfied: distro<2,>=1.7.0 in /usr/local/lib/python3.12/site-packages (from openai>=1.13.3->crewai==0.102.0) (1.9.0)
Requirement already satisfied: sniffio in /usr/local/lib/python3.12/site-packages (from openai>=1.13.3->crewai==0.102.0) (1.3.1)
Requirement already satisfied: et-xmlfile in /usr/local/lib/python3.12/site-packages (from openpyxl>=3.1.5->crewai==0.102.0) (2.0.0)
Requirement already satisfied: googleapis-common-protos~=1.52 in /usr/local/lib/python3.12/site-packages (from opentelemetry-exporter-otlp-proto-http>=1.22.0->crewai==0.102.0) (1.70.0)
Requirement already satisfied: opentelemetry-exporter-otlp-proto-common==1.37.0 in /usr/local/lib/python3.12/site-packages (from opentelemetry-exporter-otlp-proto-http>=1.22.0->crewai==0.102.0) (1.37.0)
Requirement already satisfied: opentelemetry-proto==1.37.0 in /usr/local/lib/python3.12/site-packages (from opentelemetry-exporter-otlp-proto-http>=1.22.0->crewai==0.102.0) (1.37.0)
Requirement already satisfied: protobuf<7.0,>=5.0 in /usr/local/lib/python3.12/site-packages (from opentelemetry-proto==1.37.0->opentelemetry-exporter-otlp-proto-http>=1.22.0->crewai==0.102.0) (5.29.5)
Requirement already satisfied: opentelemetry-semantic-conventions==0.58b0 in /usr/local/lib/python3.12/site-packages (from opentelemetry-sdk>=1.22.0->crewai==0.102.0) (0.58b0)
Requirement already satisfied: pdfminer.six==20250506 in /usr/local/lib/python3.12/site-packages (from pdfplumber>=0.11.4->crewai==0.102.0) (20250506)
Requirement already satisfied: Pillow>=9.1 in /usr/local/lib/python3.12/site-packages (from pdfplumber>=0.11.4->crewai==0.102.0) (11.3.0)
Requirement already satisfied: pypdfium2>=4.18.0 in /usr/local/lib/python3.12/site-packages (from pdfplumber>=0.11.4->crewai==0.102.0) (4.30.0)
Requirement already satisfied: charset-normalizer>=2.0.0 in /usr/local/lib/python3.12/site-packages (from pdfminer.six==20250506->pdfplumber>=0.11.4->crewai==0.102.0) (3.4.3)
Requirement already satisfied: annotated-types>=0.6.0 in /usr/local/lib/python3.12/site-packages (from pydantic>=2.4.2->crewai==0.102.0) (0.7.0)
Requirement already satisfied: typing-inspection>=0.4.0 in /usr/local/lib/python3.12/site-packages (from pydantic>=2.4.2->crewai==0.102.0) (0.4.1)
Requirement already satisfied: ipython>=5.3.0 in /usr/local/lib/python3.12/site-packages (from pyvis>=0.3.2->crewai==0.102.0) (9.5.0)
Requirement already satisfied: jsonpickle>=1.4.1 in /usr/local/lib/python3.12/site-packages (from pyvis>=0.3.2->crewai==0.102.0) (4.1.1)
Requirement already satisfied: networkx>=1.11 in /usr/local/lib/python3.12/site-packages (from pyvis>=0.3.2->crewai==0.102.0) (3.5)
Requirement already satisfied: aiohappyeyeballs>=2.5.0 in /usr/local/lib/python3.12/site-packages (from aiohttp->litellm==1.60.2->crewai==0.102.0) (2.6.1)
Requirement already satisfied: aiosignal>=1.4.0 in /usr/local/lib/python3.12/site-packages (from aiohttp->litellm==1.60.2->crewai==0.102.0) (1.4.0)
Requirement already satisfied: attrs>=17.3.0 in /usr/local/lib/python3.12/site-packages (from aiohttp->litellm==1.60.2->crewai==0.102.0) (25.3.0)
Requirement already satisfied: frozenlist>=1.1.1 in /usr/local/lib/python3.12/site-packages (from aiohttp->litellm==1.60.2->crewai==0.102.0) (1.7.0)
Requirement already satisfied: multidict<7.0,>=4.5 in /usr/local/lib/python3.12/site-packages (from aiohttp->litellm==1.60.2->crewai==0.102.0) (6.6.4)
Requirement already satisfied: propcache>=0.2.0 in /usr/local/lib/python3.12/site-packages (from aiohttp->litellm==1.60.2->crewai==0.102.0) (0.3.2)
Requirement already satisfied: yarl<2.0,>=1.17.0 in /usr/local/lib/python3.12/site-packages (from aiohttp->litellm==1.60.2->crewai==0.102.0) (1.20.1)
Requirement already satisfied: idna>=2.8 in /usr/local/lib/python3.12/site-packages (from anyio<5,>=3.5.0->openai>=1.13.3->crewai==0.102.0) (3.10)
Requirement already satisfied: packaging>=19.1 in /usr/local/lib/python3.12/site-packages (from build>=1.0.3->chromadb>=0.5.23->crewai==0.102.0) (25.0)
Requirement already satisfied: pyproject_hooks in /usr/local/lib/python3.12/site-packages (from build>=1.0.3->chromadb>=0.5.23->crewai==0.102.0) (1.2.0)
Requirement already satisfied: cffi>=2.0.0 in /usr/local/lib/python3.12/site-packages (from cryptography>=43.0.1->auth0-python>=4.7.1->crewai==0.102.0) (2.0.0)
Requirement already satisfied: starlette<0.49.0,>=0.40.0 in /usr/local/lib/python3.12/site-packages (from fastapi>=0.95.2->chromadb>=0.5.23->crewai==0.102.0) (0.48.0)
Requirement already satisfied: certifi in /usr/local/lib/python3.12/site-packages (from httpx<0.28.0,>=0.23.0->litellm==1.60.2->crewai==0.102.0) (2025.8.3)
Requirement already satisfied: httpcore==1.* in /usr/local/lib/python3.12/site-packages (from httpx<0.28.0,>=0.23.0->litellm==1.60.2->crewai==0.102.0) (1.0.9)
Requirement already satisfied: h11>=0.16 in /usr/local/lib/python3.12/site-packages (from httpcore==1.*->httpx<0.28.0,>=0.23.0->litellm==1.60.2->crewai==0.102.0) (0.16.0)
Requirement already satisfied: zipp>=3.20 in /usr/local/lib/python3.12/site-packages (from importlib-metadata>=6.8.0->litellm==1.60.2->crewai==0.102.0) (3.23.0)
Requirement already satisfied: decorator in /usr/local/lib/python3.12/site-packages (from ipython>=5.3.0->pyvis>=0.3.2->crewai==0.102.0) (5.2.1)
Requirement already satisfied: ipython-pygments-lexers in /usr/local/lib/python3.12/site-packages (from ipython>=5.3.0->pyvis>=0.3.2->crewai==0.102.0) (1.1.1)
Requirement already satisfied: jedi>=0.16 in /usr/local/lib/python3.12/site-packages (from ipython>=5.3.0->pyvis>=0.3.2->crewai==0.102.0) (0.19.2)
Requirement already satisfied: matplotlib-inline in /usr/local/lib/python3.12/site-packages (from ipython>=5.3.0->pyvis>=0.3.2->crewai==0.102.0) (0.1.7)
Requirement already satisfied: pexpect>4.3 in /usr/local/lib/python3.12/site-packages (from ipython>=5.3.0->pyvis>=0.3.2->crewai==0.102.0) (4.9.0)
Requirement already satisfied: prompt_toolkit<3.1.0,>=3.0.41 in /usr/local/lib/python3.12/site-packages (from ipython>=5.3.0->pyvis>=0.3.2->crewai==0.102.0) (3.0.52)
Requirement already satisfied: pygments>=2.4.0 in /usr/local/lib/python3.12/site-packages (from ipython>=5.3.0->pyvis>=0.3.2->crewai==0.102.0) (2.19.2)
Requirement already satisfied: stack_data in /usr/local/lib/python3.12/site-packages (from ipython>=5.3.0->pyvis>=0.3.2->crewai==0.102.0) (0.6.3)
Requirement already satisfied: traitlets>=5.13.0 in /usr/local/lib/python3.12/site-packages (from ipython>=5.3.0->pyvis>=0.3.2->crewai==0.102.0) (5.14.3)
Requirement already satisfied: MarkupSafe>=2.0 in /usr/local/lib/python3.12/site-packages (from jinja2<4.0.0,>=3.1.2->litellm==1.60.2->crewai==0.102.0) (3.0.3)
Requirement already satisfied: jsonschema-specifications>=2023.03.6 in /usr/local/lib/python3.12/site-packages (from jsonschema<5.0.0,>=4.22.0->litellm==1.60.2->crewai==0.102.0) (2025.9.1)
Requirement already satisfied: referencing>=0.28.4 in /usr/local/lib/python3.12/site-packages (from jsonschema<5.0.0,>=4.22.0->litellm==1.60.2->crewai==0.102.0) (0.36.2)
Requirement already satisfied: rpds-py>=0.7.1 in /usr/local/lib/python3.12/site-packages (from jsonschema<5.0.0,>=4.22.0->litellm==1.60.2->crewai==0.102.0) (0.27.1)
Requirement already satisfied: six>=1.9.0 in /usr/local/lib/python3.12/site-packages (from kubernetes>=28.1.0->chromadb>=0.5.23->crewai==0.102.0) (1.17.0)
Requirement already satisfied: python-dateutil>=2.5.3 in /usr/local/lib/python3.12/site-packages (from kubernetes>=28.1.0->chromadb>=0.5.23->crewai==0.102.0) (2.9.0.post0)
Requirement already satisfied: google-auth>=1.0.1 in /usr/local/lib/python3.12/site-packages (from kubernetes>=28.1.0->chromadb>=0.5.23->crewai==0.102.0) (2.40.3)
Requirement already satisfied: websocket-client!=0.40.0,!=0.41.*,!=0.42.*,>=0.32.0 in /usr/local/lib/python3.12/site-packages (from kubernetes>=28.1.0->chromadb>=0.5.23->crewai==0.102.0) (1.8.0)
Requirement already satisfied: requests-oauthlib in /usr/local/lib/python3.12/site-packages (from kubernetes>=28.1.0->chromadb>=0.5.23->crewai==0.102.0) (2.0.0)
Requirement already satisfied: oauthlib>=3.2.2 in /usr/local/lib/python3.12/site-packages (from kubernetes>=28.1.0->chromadb>=0.5.23->crewai==0.102.0) (3.3.1)
Requirement already satisfied: durationpy>=0.7 in /usr/local/lib/python3.12/site-packages (from kubernetes>=28.1.0->chromadb>=0.5.23->crewai==0.102.0) (0.10)
Requirement already satisfied: coloredlogs in /usr/local/lib/python3.12/site-packages (from onnxruntime>=1.14.1->chromadb>=0.5.23->crewai==0.102.0) (15.0.1)
Requirement already satisfied: flatbuffers in /usr/local/lib/python3.12/site-packages (from onnxruntime>=1.14.1->chromadb>=0.5.23->crewai==0.102.0) (25.9.23)
Requirement already satisfied: sympy in /usr/local/lib/python3.12/site-packages (from onnxruntime>=1.14.1->chromadb>=0.5.23->crewai==0.102.0) (1.14.0)
Requirement already satisfied: opentelemetry-instrumentation-asgi==0.58b0 in /usr/local/lib/python3.12/site-packages (from opentelemetry-instrumentation-fastapi>=0.41b0->chromadb>=0.5.23->crewai==0.102.0) (0.58b0)
Requirement already satisfied: opentelemetry-instrumentation==0.58b0 in /usr/local/lib/python3.12/site-packages (from opentelemetry-instrumentation-fastapi>=0.41b0->chromadb>=0.5.23->crewai==0.102.0) (0.58b0)
Requirement already satisfied: opentelemetry-util-http==0.58b0 in /usr/local/lib/python3.12/site-packages (from opentelemetry-instrumentation-fastapi>=0.41b0->chromadb>=0.5.23->crewai==0.102.0) (0.58b0)
Requirement already satisfied: wrapt<2.0.0,>=1.0.0 in /usr/local/lib/python3.12/site-packages (from opentelemetry-instrumentation==0.58b0->opentelemetry-instrumentation-fastapi>=0.41b0->chromadb>=0.5.23->crewai==0.102.0) (1.17.3)
Requirement already satisfied: asgiref~=3.0 in /usr/local/lib/python3.12/site-packages (from opentelemetry-instrumentation-asgi==0.58b0->opentelemetry-instrumentation-fastapi>=0.41b0->chromadb>=0.5.23->crewai==0.102.0) (3.9.2)
Requirement already satisfied: monotonic>=1.5 in /usr/local/lib/python3.12/site-packages (from posthog>=2.4.0->chromadb>=0.5.23->crewai==0.102.0) (1.6)
Requirement already satisfied: backoff>=1.10.0 in /usr/local/lib/python3.12/site-packages (from posthog>=2.4.0->chromadb>=0.5.23->crewai==0.102.0) (2.2.1)
Requirement already satisfied: markdown-it-py>=2.2.0 in /usr/local/lib/python3.12/site-packages (from rich>=10.11.0->chromadb>=0.5.23->crewai==0.102.0) (4.0.0)
Requirement already satisfied: huggingface-hub<1.0,>=0.16.4 in /usr/local/lib/python3.12/site-packages (from tokenizers->litellm==1.60.2->crewai==0.102.0) (0.35.1)
Requirement already satisfied: shellingham>=1.3.0 in /usr/local/lib/python3.12/site-packages (from typer>=0.9.0->chromadb>=0.5.23->crewai==0.102.0) (1.5.4)
Requirement already satisfied: httptools>=0.6.3 in /usr/local/lib/python3.12/site-packages (from uvicorn[standard]>=0.18.3->chromadb>=0.5.23->crewai==0.102.0) (0.6.4)
Requirement already satisfied: uvloop>=0.15.1 in /usr/local/lib/python3.12/site-packages (from uvicorn[standard]>=0.18.3->chromadb>=0.5.23->crewai==0.102.0) (0.21.0)
Requirement already satisfied: watchfiles>=0.13 in /usr/local/lib/python3.12/site-packages (from uvicorn[standard]>=0.18.3->chromadb>=0.5.23->crewai==0.102.0) (1.1.0)
Requirement already satisfied: websockets>=10.4 in /usr/local/lib/python3.12/site-packages (from uvicorn[standard]>=0.18.3->chromadb>=0.5.23->crewai==0.102.0) (15.0.1)
Requirement already satisfied: pycparser in /usr/local/lib/python3.12/site-packages (from cffi>=2.0.0->cryptography>=43.0.1->auth0-python>=4.7.1->crewai==0.102.0) (2.23)
Requirement already satisfied: cachetools<6.0,>=2.0.0 in /usr/local/lib/python3.12/site-packages (from google-auth>=1.0.1->kubernetes>=28.1.0->chromadb>=0.5.23->crewai==0.102.0) (5.5.2)
Requirement already satisfied: pyasn1-modules>=0.2.1 in /usr/local/lib/python3.12/site-packages (from google-auth>=1.0.1->kubernetes>=28.1.0->chromadb>=0.5.23->crewai==0.102.0) (0.4.2)
Requirement already satisfied: rsa<5,>=3.1.4 in /usr/local/lib/python3.12/site-packages (from google-auth>=1.0.1->kubernetes>=28.1.0->chromadb>=0.5.23->crewai==0.102.0) (4.9.1)
Requirement already satisfied: filelock in /usr/local/lib/python3.12/site-packages (from huggingface-hub<1.0,>=0.16.4->tokenizers->litellm==1.60.2->crewai==0.102.0) (3.19.1)
Requirement already satisfied: fsspec>=2023.5.0 in /usr/local/lib/python3.12/site-packages (from huggingface-hub<1.0,>=0.16.4->tokenizers->litellm==1.60.2->crewai==0.102.0) (2025.9.0)
Requirement already satisfied: hf-xet<2.0.0,>=1.1.3 in /usr/local/lib/python3.12/site-packages (from huggingface-hub<1.0,>=0.16.4->tokenizers->litellm==1.60.2->crewai==0.102.0) (1.1.10)
Requirement already satisfied: parso<0.9.0,>=0.8.4 in /usr/local/lib/python3.12/site-packages (from jedi>=0.16->ipython>=5.3.0->pyvis>=0.3.2->crewai==0.102.0) (0.8.5)
Requirement already satisfied: mdurl~=0.1 in /usr/local/lib/python3.12/site-packages (from markdown-it-py>=2.2.0->rich>=10.11.0->chromadb>=0.5.23->crewai==0.102.0) (0.1.2)
Requirement already satisfied: ptyprocess>=0.5 in /usr/local/lib/python3.12/site-packages (from pexpect>4.3->ipython>=5.3.0->pyvis>=0.3.2->crewai==0.102.0) (0.7.0)
Requirement already satisfied: wcwidth in /usr/local/lib/python3.12/site-packages (from prompt_toolkit<3.1.0,>=3.0.41->ipython>=5.3.0->pyvis>=0.3.2->crewai==0.102.0) (0.2.14)
Requirement already satisfied: humanfriendly>=9.1 in /usr/local/lib/python3.12/site-packages (from coloredlogs->onnxruntime>=1.14.1->chromadb>=0.5.23->crewai==0.102.0) (10.0)
Requirement already satisfied: executing>=1.2.0 in /usr/local/lib/python3.12/site-packages (from stack_data->ipython>=5.3.0->pyvis>=0.3.2->crewai==0.102.0) (2.2.1)
Requirement already satisfied: asttokens>=2.1.0 in /usr/local/lib/python3.12/site-packages (from stack_data->ipython>=5.3.0->pyvis>=0.3.2->crewai==0.102.0) (3.0.0)
Requirement already satisfied: pure-eval in /usr/local/lib/python3.12/site-packages (from stack_data->ipython>=5.3.0->pyvis>=0.3.2->crewai==0.102.0) (0.2.3)
Requirement already satisfied: mpmath<1.4,>=1.1.0 in /usr/local/lib/python3.12/site-packages (from sympy->onnxruntime>=1.14.1->chromadb>=0.5.23->crewai==0.102.0) (1.3.0)
Requirement already satisfied: pyasn1<0.7.0,>=0.6.1 in /usr/local/lib/python3.12/site-packages (from pyasn1-modules>=0.2.1->google-auth>=1.0.1->kubernetes>=28.1.0->chromadb>=0.5.23->crewai==0.102.0) (0.6.1)
Building wheels for collected packages: crewai
  Building editable for crewai (pyproject.toml): started
  Building editable for crewai (pyproject.toml): finished with status 'done'
  Created wheel for crewai: filename=crewai-0.102.0-py3-none-any.whl size=11731 sha256=09199a87c2e8609317b3495d12de03599d61509744b8f414c291330f8ca63836
  Stored in directory: /tmp/pip-ephem-wheel-cache-836bney5/wheels/94/4b/cb/b0b4d1ca172a0a5ba7ccd33b7d9a854f2c8f90076b0af35b71
Successfully built crewai
Installing collected packages: crewai
  Attempting uninstall: crewai
    Found existing installation: crewai 0.102.0
    Uninstalling crewai-0.102.0:
      Successfully uninstalled crewai-0.102.0
Successfully installed crewai-0.102.0
WARNING: Running pip as the 'root' user can result in broken permissions and conflicting behaviour with the system package manager, possibly rendering your system unusable. It is recommended to use a virtual environment instead: https://pip.pypa.io/warnings/venv. Use the --root-user-action option if you know what you are doing and want to suppress this warning.

[notice] A new release of pip is available: 25.0.1 -> 25.2
[notice] To update, run: pip install --upgrade pip
--- Running Test ---
Found reproduce.py. Executing with python...
--- Reproduce Script: Testing version 'buggy' ---
 
[2025-09-29 20:01:22][ðŸš€ CREW 'CREW' STARTED, CA71F6C5-69A6-40F6-8482-BC28E879661C]: 2025-09-29 20:01:22.595307
 
[2025-09-29 20:01:22][ðŸ“‹ TASK STARTED: A SIMPLE TASK.]: 2025-09-29 20:01:22.598427
 
[2025-09-29 20:01:22][ðŸ¤– AGENT 'TEST AGENT' STARTED TASK]: 2025-09-29 20:01:22.599098
 An unknown error occurred. Please check the details below.
 Error details: expected string or bytes-like object, got 'MagicMock'
 An unknown error occurred. Please check the details below.
 Error details: expected string or bytes-like object, got 'MagicMock'
 
[2025-09-29 20:01:22][ðŸ¤– AGENT 'TEST AGENT' STARTED TASK]: 2025-09-29 20:01:22.600260
 An unknown error occurred. Please check the details below.
 Error details: expected string or bytes-like object, got 'MagicMock'
 An unknown error occurred. Please check the details below.
 Error details: expected string or bytes-like object, got 'MagicMock'
 
[2025-09-29 20:01:22][ðŸ¤– AGENT 'TEST AGENT' STARTED TASK]: 2025-09-29 20:01:22.600777
 An unknown error occurred. Please check the details below.
 Error details: expected string or bytes-like object, got 'MagicMock'
 An unknown error occurred. Please check the details below.
 Error details: expected string or bytes-like object, got 'MagicMock'
 
[2025-09-29 20:01:22][âŒ TASK FAILED: A SIMPLE TASK.]: 2025-09-29 20:01:22.600969
 
[2025-09-29 20:01:22][âŒ CREW 'CREW' FAILED, CA71F6C5-69A6-40F6-8482-BC28E879661C]: 2025-09-29 20:01:22.601001
UNEXPECTED ERROR: Caught an unexpected TypeError: expected string or bytes-like object, got 'MagicMock'
--- Test script FAILED (non-zero exit) as expected. ---
âœ… SUCCESS: The bug was reproduced.

--- Exit code: 0 ---

>>> Running: sudo docker run --rm "alfin06/agentissue-bench:crewai_2150" test_fixed
=== Testing FIXED Version (Commit: b7529860211c3f376ac45ce0a0fea392d95082ec) ===
Previous HEAD position was 34d29934 Update the constants.py file adding the list of foundation models available in Amazon Bedrock (#2170)
HEAD is now at b7529860 feat: Enhance agent knowledge setup with optional crew embedder
Obtaining file:///app/source_code_buggy
  Installing build dependencies: started
  Installing build dependencies: finished with status 'done'
  Checking if build backend supports build_editable: started
  Checking if build backend supports build_editable: finished with status 'done'
  Getting requirements to build editable: started
  Getting requirements to build editable: finished with status 'done'
  Installing backend dependencies: started
  Installing backend dependencies: finished with status 'done'
  Preparing editable metadata (pyproject.toml): started
  Preparing editable metadata (pyproject.toml): finished with status 'done'
Requirement already satisfied: appdirs>=1.4.4 in /usr/local/lib/python3.12/site-packages (from crewai==0.102.0) (1.4.4)
Requirement already satisfied: auth0-python>=4.7.1 in /usr/local/lib/python3.12/site-packages (from crewai==0.102.0) (4.13.0)
Requirement already satisfied: blinker>=1.9.0 in /usr/local/lib/python3.12/site-packages (from crewai==0.102.0) (1.9.0)
Requirement already satisfied: chromadb>=0.5.23 in /usr/local/lib/python3.12/site-packages (from crewai==0.102.0) (0.5.23)
Requirement already satisfied: click>=8.1.7 in /usr/local/lib/python3.12/site-packages (from crewai==0.102.0) (8.3.0)
Requirement already satisfied: instructor>=1.3.3 in /usr/local/lib/python3.12/site-packages (from crewai==0.102.0) (1.11.3)
Requirement already satisfied: json-repair>=0.25.2 in /usr/local/lib/python3.12/site-packages (from crewai==0.102.0) (0.51.0)
Requirement already satisfied: json5>=0.10.0 in /usr/local/lib/python3.12/site-packages (from crewai==0.102.0) (0.12.1)
Requirement already satisfied: jsonref>=1.1.0 in /usr/local/lib/python3.12/site-packages (from crewai==0.102.0) (1.1.0)
Requirement already satisfied: litellm==1.60.2 in /usr/local/lib/python3.12/site-packages (from crewai==0.102.0) (1.60.2)
Requirement already satisfied: openai>=1.13.3 in /usr/local/lib/python3.12/site-packages (from crewai==0.102.0) (1.109.1)
Requirement already satisfied: openpyxl>=3.1.5 in /usr/local/lib/python3.12/site-packages (from crewai==0.102.0) (3.1.5)
Requirement already satisfied: opentelemetry-api>=1.22.0 in /usr/local/lib/python3.12/site-packages (from crewai==0.102.0) (1.37.0)
Requirement already satisfied: opentelemetry-exporter-otlp-proto-http>=1.22.0 in /usr/local/lib/python3.12/site-packages (from crewai==0.102.0) (1.37.0)
Requirement already satisfied: opentelemetry-sdk>=1.22.0 in /usr/local/lib/python3.12/site-packages (from crewai==0.102.0) (1.37.0)
Requirement already satisfied: pdfplumber>=0.11.4 in /usr/local/lib/python3.12/site-packages (from crewai==0.102.0) (0.11.7)
Requirement already satisfied: pydantic>=2.4.2 in /usr/local/lib/python3.12/site-packages (from crewai==0.102.0) (2.11.9)
Requirement already satisfied: python-dotenv>=1.0.0 in /usr/local/lib/python3.12/site-packages (from crewai==0.102.0) (1.1.1)
Requirement already satisfied: pyvis>=0.3.2 in /usr/local/lib/python3.12/site-packages (from crewai==0.102.0) (0.3.2)
Requirement already satisfied: regex>=2024.9.11 in /usr/local/lib/python3.12/site-packages (from crewai==0.102.0) (2025.9.18)
Requirement already satisfied: tomli-w>=1.1.0 in /usr/local/lib/python3.12/site-packages (from crewai==0.102.0) (1.2.0)
Requirement already satisfied: tomli>=2.0.2 in /usr/local/lib/python3.12/site-packages (from crewai==0.102.0) (2.2.1)
Requirement already satisfied: uv>=0.4.25 in /usr/local/lib/python3.12/site-packages (from crewai==0.102.0) (0.8.22)
Requirement already satisfied: aiohttp in /usr/local/lib/python3.12/site-packages (from litellm==1.60.2->crewai==0.102.0) (3.12.15)
Requirement already satisfied: httpx<0.28.0,>=0.23.0 in /usr/local/lib/python3.12/site-packages (from litellm==1.60.2->crewai==0.102.0) (0.27.2)
Requirement already satisfied: importlib-metadata>=6.8.0 in /usr/local/lib/python3.12/site-packages (from litellm==1.60.2->crewai==0.102.0) (8.7.0)
Requirement already satisfied: jinja2<4.0.0,>=3.1.2 in /usr/local/lib/python3.12/site-packages (from litellm==1.60.2->crewai==0.102.0) (3.1.6)
Requirement already satisfied: jsonschema<5.0.0,>=4.22.0 in /usr/local/lib/python3.12/site-packages (from litellm==1.60.2->crewai==0.102.0) (4.25.1)
Requirement already satisfied: tiktoken>=0.7.0 in /usr/local/lib/python3.12/site-packages (from litellm==1.60.2->crewai==0.102.0) (0.11.0)
Requirement already satisfied: tokenizers in /usr/local/lib/python3.12/site-packages (from litellm==1.60.2->crewai==0.102.0) (0.20.3)
Requirement already satisfied: cryptography>=43.0.1 in /usr/local/lib/python3.12/site-packages (from auth0-python>=4.7.1->crewai==0.102.0) (46.0.1)
Requirement already satisfied: pyjwt>=2.8.0 in /usr/local/lib/python3.12/site-packages (from auth0-python>=4.7.1->crewai==0.102.0) (2.10.1)
Requirement already satisfied: requests>=2.32.3 in /usr/local/lib/python3.12/site-packages (from auth0-python>=4.7.1->crewai==0.102.0) (2.32.5)
Requirement already satisfied: urllib3>=2.2.3 in /usr/local/lib/python3.12/site-packages (from auth0-python>=4.7.1->crewai==0.102.0) (2.5.0)
Requirement already satisfied: build>=1.0.3 in /usr/local/lib/python3.12/site-packages (from chromadb>=0.5.23->crewai==0.102.0) (1.3.0)
Requirement already satisfied: chroma-hnswlib==0.7.6 in /usr/local/lib/python3.12/site-packages (from chromadb>=0.5.23->crewai==0.102.0) (0.7.6)
Requirement already satisfied: fastapi>=0.95.2 in /usr/local/lib/python3.12/site-packages (from chromadb>=0.5.23->crewai==0.102.0) (0.117.1)
Requirement already satisfied: uvicorn>=0.18.3 in /usr/local/lib/python3.12/site-packages (from uvicorn[standard]>=0.18.3->chromadb>=0.5.23->crewai==0.102.0) (0.37.0)
Requirement already satisfied: numpy>=1.22.5 in /usr/local/lib/python3.12/site-packages (from chromadb>=0.5.23->crewai==0.102.0) (2.3.3)
Requirement already satisfied: posthog>=2.4.0 in /usr/local/lib/python3.12/site-packages (from chromadb>=0.5.23->crewai==0.102.0) (3.25.0)
Requirement already satisfied: typing_extensions>=4.5.0 in /usr/local/lib/python3.12/site-packages (from chromadb>=0.5.23->crewai==0.102.0) (4.15.0)
Requirement already satisfied: onnxruntime>=1.14.1 in /usr/local/lib/python3.12/site-packages (from chromadb>=0.5.23->crewai==0.102.0) (1.23.0)
Requirement already satisfied: opentelemetry-exporter-otlp-proto-grpc>=1.2.0 in /usr/local/lib/python3.12/site-packages (from chromadb>=0.5.23->crewai==0.102.0) (1.37.0)
Requirement already satisfied: opentelemetry-instrumentation-fastapi>=0.41b0 in /usr/local/lib/python3.12/site-packages (from chromadb>=0.5.23->crewai==0.102.0) (0.58b0)
Requirement already satisfied: pypika>=0.48.9 in /usr/local/lib/python3.12/site-packages (from chromadb>=0.5.23->crewai==0.102.0) (0.48.9)
Requirement already satisfied: tqdm>=4.65.0 in /usr/local/lib/python3.12/site-packages (from chromadb>=0.5.23->crewai==0.102.0) (4.67.1)
Requirement already satisfied: overrides>=7.3.1 in /usr/local/lib/python3.12/site-packages (from chromadb>=0.5.23->crewai==0.102.0) (7.7.0)
Requirement already satisfied: importlib-resources in /usr/local/lib/python3.12/site-packages (from chromadb>=0.5.23->crewai==0.102.0) (6.5.2)
Requirement already satisfied: grpcio>=1.58.0 in /usr/local/lib/python3.12/site-packages (from chromadb>=0.5.23->crewai==0.102.0) (1.75.1)
Requirement already satisfied: bcrypt>=4.0.1 in /usr/local/lib/python3.12/site-packages (from chromadb>=0.5.23->crewai==0.102.0) (5.0.0)
Requirement already satisfied: typer>=0.9.0 in /usr/local/lib/python3.12/site-packages (from chromadb>=0.5.23->crewai==0.102.0) (0.19.2)
Requirement already satisfied: kubernetes>=28.1.0 in /usr/local/lib/python3.12/site-packages (from chromadb>=0.5.23->crewai==0.102.0) (33.1.0)
Requirement already satisfied: tenacity>=8.2.3 in /usr/local/lib/python3.12/site-packages (from chromadb>=0.5.23->crewai==0.102.0) (9.1.2)
Requirement already satisfied: PyYAML>=6.0.0 in /usr/local/lib/python3.12/site-packages (from chromadb>=0.5.23->crewai==0.102.0) (6.0.3)
Requirement already satisfied: mmh3>=4.0.1 in /usr/local/lib/python3.12/site-packages (from chromadb>=0.5.23->crewai==0.102.0) (5.2.0)
Requirement already satisfied: orjson>=3.9.12 in /usr/local/lib/python3.12/site-packages (from chromadb>=0.5.23->crewai==0.102.0) (3.11.3)
Requirement already satisfied: rich>=10.11.0 in /usr/local/lib/python3.12/site-packages (from chromadb>=0.5.23->crewai==0.102.0) (13.9.4)
Requirement already satisfied: diskcache>=5.6.3 in /usr/local/lib/python3.12/site-packages (from instructor>=1.3.3->crewai==0.102.0) (5.6.3)
Requirement already satisfied: docstring-parser<1.0,>=0.16 in /usr/local/lib/python3.12/site-packages (from instructor>=1.3.3->crewai==0.102.0) (0.17.0)
Requirement already satisfied: jiter<0.11,>=0.6.1 in /usr/local/lib/python3.12/site-packages (from instructor>=1.3.3->crewai==0.102.0) (0.10.0)
Requirement already satisfied: pydantic-core<3.0.0,>=2.18.0 in /usr/local/lib/python3.12/site-packages (from instructor>=1.3.3->crewai==0.102.0) (2.33.2)
Requirement already satisfied: anyio<5,>=3.5.0 in /usr/local/lib/python3.12/site-packages (from openai>=1.13.3->crewai==0.102.0) (4.11.0)
Requirement already satisfied: distro<2,>=1.7.0 in /usr/local/lib/python3.12/site-packages (from openai>=1.13.3->crewai==0.102.0) (1.9.0)
Requirement already satisfied: sniffio in /usr/local/lib/python3.12/site-packages (from openai>=1.13.3->crewai==0.102.0) (1.3.1)
Requirement already satisfied: et-xmlfile in /usr/local/lib/python3.12/site-packages (from openpyxl>=3.1.5->crewai==0.102.0) (2.0.0)
Requirement already satisfied: googleapis-common-protos~=1.52 in /usr/local/lib/python3.12/site-packages (from opentelemetry-exporter-otlp-proto-http>=1.22.0->crewai==0.102.0) (1.70.0)
Requirement already satisfied: opentelemetry-exporter-otlp-proto-common==1.37.0 in /usr/local/lib/python3.12/site-packages (from opentelemetry-exporter-otlp-proto-http>=1.22.0->crewai==0.102.0) (1.37.0)
Requirement already satisfied: opentelemetry-proto==1.37.0 in /usr/local/lib/python3.12/site-packages (from opentelemetry-exporter-otlp-proto-http>=1.22.0->crewai==0.102.0) (1.37.0)
Requirement already satisfied: protobuf<7.0,>=5.0 in /usr/local/lib/python3.12/site-packages (from opentelemetry-proto==1.37.0->opentelemetry-exporter-otlp-proto-http>=1.22.0->crewai==0.102.0) (5.29.5)
Requirement already satisfied: opentelemetry-semantic-conventions==0.58b0 in /usr/local/lib/python3.12/site-packages (from opentelemetry-sdk>=1.22.0->crewai==0.102.0) (0.58b0)
Requirement already satisfied: pdfminer.six==20250506 in /usr/local/lib/python3.12/site-packages (from pdfplumber>=0.11.4->crewai==0.102.0) (20250506)
Requirement already satisfied: Pillow>=9.1 in /usr/local/lib/python3.12/site-packages (from pdfplumber>=0.11.4->crewai==0.102.0) (11.3.0)
Requirement already satisfied: pypdfium2>=4.18.0 in /usr/local/lib/python3.12/site-packages (from pdfplumber>=0.11.4->crewai==0.102.0) (4.30.0)
Requirement already satisfied: charset-normalizer>=2.0.0 in /usr/local/lib/python3.12/site-packages (from pdfminer.six==20250506->pdfplumber>=0.11.4->crewai==0.102.0) (3.4.3)
Requirement already satisfied: annotated-types>=0.6.0 in /usr/local/lib/python3.12/site-packages (from pydantic>=2.4.2->crewai==0.102.0) (0.7.0)
Requirement already satisfied: typing-inspection>=0.4.0 in /usr/local/lib/python3.12/site-packages (from pydantic>=2.4.2->crewai==0.102.0) (0.4.1)
Requirement already satisfied: ipython>=5.3.0 in /usr/local/lib/python3.12/site-packages (from pyvis>=0.3.2->crewai==0.102.0) (9.5.0)
Requirement already satisfied: jsonpickle>=1.4.1 in /usr/local/lib/python3.12/site-packages (from pyvis>=0.3.2->crewai==0.102.0) (4.1.1)
Requirement already satisfied: networkx>=1.11 in /usr/local/lib/python3.12/site-packages (from pyvis>=0.3.2->crewai==0.102.0) (3.5)
Requirement already satisfied: aiohappyeyeballs>=2.5.0 in /usr/local/lib/python3.12/site-packages (from aiohttp->litellm==1.60.2->crewai==0.102.0) (2.6.1)
Requirement already satisfied: aiosignal>=1.4.0 in /usr/local/lib/python3.12/site-packages (from aiohttp->litellm==1.60.2->crewai==0.102.0) (1.4.0)
Requirement already satisfied: attrs>=17.3.0 in /usr/local/lib/python3.12/site-packages (from aiohttp->litellm==1.60.2->crewai==0.102.0) (25.3.0)
Requirement already satisfied: frozenlist>=1.1.1 in /usr/local/lib/python3.12/site-packages (from aiohttp->litellm==1.60.2->crewai==0.102.0) (1.7.0)
Requirement already satisfied: multidict<7.0,>=4.5 in /usr/local/lib/python3.12/site-packages (from aiohttp->litellm==1.60.2->crewai==0.102.0) (6.6.4)
Requirement already satisfied: propcache>=0.2.0 in /usr/local/lib/python3.12/site-packages (from aiohttp->litellm==1.60.2->crewai==0.102.0) (0.3.2)
Requirement already satisfied: yarl<2.0,>=1.17.0 in /usr/local/lib/python3.12/site-packages (from aiohttp->litellm==1.60.2->crewai==0.102.0) (1.20.1)
Requirement already satisfied: idna>=2.8 in /usr/local/lib/python3.12/site-packages (from anyio<5,>=3.5.0->openai>=1.13.3->crewai==0.102.0) (3.10)
Requirement already satisfied: packaging>=19.1 in /usr/local/lib/python3.12/site-packages (from build>=1.0.3->chromadb>=0.5.23->crewai==0.102.0) (25.0)
Requirement already satisfied: pyproject_hooks in /usr/local/lib/python3.12/site-packages (from build>=1.0.3->chromadb>=0.5.23->crewai==0.102.0) (1.2.0)
Requirement already satisfied: cffi>=2.0.0 in /usr/local/lib/python3.12/site-packages (from cryptography>=43.0.1->auth0-python>=4.7.1->crewai==0.102.0) (2.0.0)
Requirement already satisfied: starlette<0.49.0,>=0.40.0 in /usr/local/lib/python3.12/site-packages (from fastapi>=0.95.2->chromadb>=0.5.23->crewai==0.102.0) (0.48.0)
Requirement already satisfied: certifi in /usr/local/lib/python3.12/site-packages (from httpx<0.28.0,>=0.23.0->litellm==1.60.2->crewai==0.102.0) (2025.8.3)
Requirement already satisfied: httpcore==1.* in /usr/local/lib/python3.12/site-packages (from httpx<0.28.0,>=0.23.0->litellm==1.60.2->crewai==0.102.0) (1.0.9)
Requirement already satisfied: h11>=0.16 in /usr/local/lib/python3.12/site-packages (from httpcore==1.*->httpx<0.28.0,>=0.23.0->litellm==1.60.2->crewai==0.102.0) (0.16.0)
Requirement already satisfied: zipp>=3.20 in /usr/local/lib/python3.12/site-packages (from importlib-metadata>=6.8.0->litellm==1.60.2->crewai==0.102.0) (3.23.0)
Requirement already satisfied: decorator in /usr/local/lib/python3.12/site-packages (from ipython>=5.3.0->pyvis>=0.3.2->crewai==0.102.0) (5.2.1)
Requirement already satisfied: ipython-pygments-lexers in /usr/local/lib/python3.12/site-packages (from ipython>=5.3.0->pyvis>=0.3.2->crewai==0.102.0) (1.1.1)
Requirement already satisfied: jedi>=0.16 in /usr/local/lib/python3.12/site-packages (from ipython>=5.3.0->pyvis>=0.3.2->crewai==0.102.0) (0.19.2)
Requirement already satisfied: matplotlib-inline in /usr/local/lib/python3.12/site-packages (from ipython>=5.3.0->pyvis>=0.3.2->crewai==0.102.0) (0.1.7)
Requirement already satisfied: pexpect>4.3 in /usr/local/lib/python3.12/site-packages (from ipython>=5.3.0->pyvis>=0.3.2->crewai==0.102.0) (4.9.0)
Requirement already satisfied: prompt_toolkit<3.1.0,>=3.0.41 in /usr/local/lib/python3.12/site-packages (from ipython>=5.3.0->pyvis>=0.3.2->crewai==0.102.0) (3.0.52)
Requirement already satisfied: pygments>=2.4.0 in /usr/local/lib/python3.12/site-packages (from ipython>=5.3.0->pyvis>=0.3.2->crewai==0.102.0) (2.19.2)
Requirement already satisfied: stack_data in /usr/local/lib/python3.12/site-packages (from ipython>=5.3.0->pyvis>=0.3.2->crewai==0.102.0) (0.6.3)
Requirement already satisfied: traitlets>=5.13.0 in /usr/local/lib/python3.12/site-packages (from ipython>=5.3.0->pyvis>=0.3.2->crewai==0.102.0) (5.14.3)
Requirement already satisfied: MarkupSafe>=2.0 in /usr/local/lib/python3.12/site-packages (from jinja2<4.0.0,>=3.1.2->litellm==1.60.2->crewai==0.102.0) (3.0.3)
Requirement already satisfied: jsonschema-specifications>=2023.03.6 in /usr/local/lib/python3.12/site-packages (from jsonschema<5.0.0,>=4.22.0->litellm==1.60.2->crewai==0.102.0) (2025.9.1)
Requirement already satisfied: referencing>=0.28.4 in /usr/local/lib/python3.12/site-packages (from jsonschema<5.0.0,>=4.22.0->litellm==1.60.2->crewai==0.102.0) (0.36.2)
Requirement already satisfied: rpds-py>=0.7.1 in /usr/local/lib/python3.12/site-packages (from jsonschema<5.0.0,>=4.22.0->litellm==1.60.2->crewai==0.102.0) (0.27.1)
Requirement already satisfied: six>=1.9.0 in /usr/local/lib/python3.12/site-packages (from kubernetes>=28.1.0->chromadb>=0.5.23->crewai==0.102.0) (1.17.0)
Requirement already satisfied: python-dateutil>=2.5.3 in /usr/local/lib/python3.12/site-packages (from kubernetes>=28.1.0->chromadb>=0.5.23->crewai==0.102.0) (2.9.0.post0)
Requirement already satisfied: google-auth>=1.0.1 in /usr/local/lib/python3.12/site-packages (from kubernetes>=28.1.0->chromadb>=0.5.23->crewai==0.102.0) (2.40.3)
Requirement already satisfied: websocket-client!=0.40.0,!=0.41.*,!=0.42.*,>=0.32.0 in /usr/local/lib/python3.12/site-packages (from kubernetes>=28.1.0->chromadb>=0.5.23->crewai==0.102.0) (1.8.0)
Requirement already satisfied: requests-oauthlib in /usr/local/lib/python3.12/site-packages (from kubernetes>=28.1.0->chromadb>=0.5.23->crewai==0.102.0) (2.0.0)
Requirement already satisfied: oauthlib>=3.2.2 in /usr/local/lib/python3.12/site-packages (from kubernetes>=28.1.0->chromadb>=0.5.23->crewai==0.102.0) (3.3.1)
Requirement already satisfied: durationpy>=0.7 in /usr/local/lib/python3.12/site-packages (from kubernetes>=28.1.0->chromadb>=0.5.23->crewai==0.102.0) (0.10)
Requirement already satisfied: coloredlogs in /usr/local/lib/python3.12/site-packages (from onnxruntime>=1.14.1->chromadb>=0.5.23->crewai==0.102.0) (15.0.1)
Requirement already satisfied: flatbuffers in /usr/local/lib/python3.12/site-packages (from onnxruntime>=1.14.1->chromadb>=0.5.23->crewai==0.102.0) (25.9.23)
Requirement already satisfied: sympy in /usr/local/lib/python3.12/site-packages (from onnxruntime>=1.14.1->chromadb>=0.5.23->crewai==0.102.0) (1.14.0)
Requirement already satisfied: opentelemetry-instrumentation-asgi==0.58b0 in /usr/local/lib/python3.12/site-packages (from opentelemetry-instrumentation-fastapi>=0.41b0->chromadb>=0.5.23->crewai==0.102.0) (0.58b0)
Requirement already satisfied: opentelemetry-instrumentation==0.58b0 in /usr/local/lib/python3.12/site-packages (from opentelemetry-instrumentation-fastapi>=0.41b0->chromadb>=0.5.23->crewai==0.102.0) (0.58b0)
Requirement already satisfied: opentelemetry-util-http==0.58b0 in /usr/local/lib/python3.12/site-packages (from opentelemetry-instrumentation-fastapi>=0.41b0->chromadb>=0.5.23->crewai==0.102.0) (0.58b0)
Requirement already satisfied: wrapt<2.0.0,>=1.0.0 in /usr/local/lib/python3.12/site-packages (from opentelemetry-instrumentation==0.58b0->opentelemetry-instrumentation-fastapi>=0.41b0->chromadb>=0.5.23->crewai==0.102.0) (1.17.3)
Requirement already satisfied: asgiref~=3.0 in /usr/local/lib/python3.12/site-packages (from opentelemetry-instrumentation-asgi==0.58b0->opentelemetry-instrumentation-fastapi>=0.41b0->chromadb>=0.5.23->crewai==0.102.0) (3.9.2)
Requirement already satisfied: monotonic>=1.5 in /usr/local/lib/python3.12/site-packages (from posthog>=2.4.0->chromadb>=0.5.23->crewai==0.102.0) (1.6)
Requirement already satisfied: backoff>=1.10.0 in /usr/local/lib/python3.12/site-packages (from posthog>=2.4.0->chromadb>=0.5.23->crewai==0.102.0) (2.2.1)
Requirement already satisfied: markdown-it-py>=2.2.0 in /usr/local/lib/python3.12/site-packages (from rich>=10.11.0->chromadb>=0.5.23->crewai==0.102.0) (4.0.0)
Requirement already satisfied: huggingface-hub<1.0,>=0.16.4 in /usr/local/lib/python3.12/site-packages (from tokenizers->litellm==1.60.2->crewai==0.102.0) (0.35.1)
Requirement already satisfied: shellingham>=1.3.0 in /usr/local/lib/python3.12/site-packages (from typer>=0.9.0->chromadb>=0.5.23->crewai==0.102.0) (1.5.4)
Requirement already satisfied: httptools>=0.6.3 in /usr/local/lib/python3.12/site-packages (from uvicorn[standard]>=0.18.3->chromadb>=0.5.23->crewai==0.102.0) (0.6.4)
Requirement already satisfied: uvloop>=0.15.1 in /usr/local/lib/python3.12/site-packages (from uvicorn[standard]>=0.18.3->chromadb>=0.5.23->crewai==0.102.0) (0.21.0)
Requirement already satisfied: watchfiles>=0.13 in /usr/local/lib/python3.12/site-packages (from uvicorn[standard]>=0.18.3->chromadb>=0.5.23->crewai==0.102.0) (1.1.0)
Requirement already satisfied: websockets>=10.4 in /usr/local/lib/python3.12/site-packages (from uvicorn[standard]>=0.18.3->chromadb>=0.5.23->crewai==0.102.0) (15.0.1)
Requirement already satisfied: pycparser in /usr/local/lib/python3.12/site-packages (from cffi>=2.0.0->cryptography>=43.0.1->auth0-python>=4.7.1->crewai==0.102.0) (2.23)
Requirement already satisfied: cachetools<6.0,>=2.0.0 in /usr/local/lib/python3.12/site-packages (from google-auth>=1.0.1->kubernetes>=28.1.0->chromadb>=0.5.23->crewai==0.102.0) (5.5.2)
Requirement already satisfied: pyasn1-modules>=0.2.1 in /usr/local/lib/python3.12/site-packages (from google-auth>=1.0.1->kubernetes>=28.1.0->chromadb>=0.5.23->crewai==0.102.0) (0.4.2)
Requirement already satisfied: rsa<5,>=3.1.4 in /usr/local/lib/python3.12/site-packages (from google-auth>=1.0.1->kubernetes>=28.1.0->chromadb>=0.5.23->crewai==0.102.0) (4.9.1)
Requirement already satisfied: filelock in /usr/local/lib/python3.12/site-packages (from huggingface-hub<1.0,>=0.16.4->tokenizers->litellm==1.60.2->crewai==0.102.0) (3.19.1)
Requirement already satisfied: fsspec>=2023.5.0 in /usr/local/lib/python3.12/site-packages (from huggingface-hub<1.0,>=0.16.4->tokenizers->litellm==1.60.2->crewai==0.102.0) (2025.9.0)
Requirement already satisfied: hf-xet<2.0.0,>=1.1.3 in /usr/local/lib/python3.12/site-packages (from huggingface-hub<1.0,>=0.16.4->tokenizers->litellm==1.60.2->crewai==0.102.0) (1.1.10)
Requirement already satisfied: parso<0.9.0,>=0.8.4 in /usr/local/lib/python3.12/site-packages (from jedi>=0.16->ipython>=5.3.0->pyvis>=0.3.2->crewai==0.102.0) (0.8.5)
Requirement already satisfied: mdurl~=0.1 in /usr/local/lib/python3.12/site-packages (from markdown-it-py>=2.2.0->rich>=10.11.0->chromadb>=0.5.23->crewai==0.102.0) (0.1.2)
Requirement already satisfied: ptyprocess>=0.5 in /usr/local/lib/python3.12/site-packages (from pexpect>4.3->ipython>=5.3.0->pyvis>=0.3.2->crewai==0.102.0) (0.7.0)
Requirement already satisfied: wcwidth in /usr/local/lib/python3.12/site-packages (from prompt_toolkit<3.1.0,>=3.0.41->ipython>=5.3.0->pyvis>=0.3.2->crewai==0.102.0) (0.2.14)
Requirement already satisfied: humanfriendly>=9.1 in /usr/local/lib/python3.12/site-packages (from coloredlogs->onnxruntime>=1.14.1->chromadb>=0.5.23->crewai==0.102.0) (10.0)
Requirement already satisfied: executing>=1.2.0 in /usr/local/lib/python3.12/site-packages (from stack_data->ipython>=5.3.0->pyvis>=0.3.2->crewai==0.102.0) (2.2.1)
Requirement already satisfied: asttokens>=2.1.0 in /usr/local/lib/python3.12/site-packages (from stack_data->ipython>=5.3.0->pyvis>=0.3.2->crewai==0.102.0) (3.0.0)
Requirement already satisfied: pure-eval in /usr/local/lib/python3.12/site-packages (from stack_data->ipython>=5.3.0->pyvis>=0.3.2->crewai==0.102.0) (0.2.3)
Requirement already satisfied: mpmath<1.4,>=1.1.0 in /usr/local/lib/python3.12/site-packages (from sympy->onnxruntime>=1.14.1->chromadb>=0.5.23->crewai==0.102.0) (1.3.0)
Requirement already satisfied: pyasn1<0.7.0,>=0.6.1 in /usr/local/lib/python3.12/site-packages (from pyasn1-modules>=0.2.1->google-auth>=1.0.1->kubernetes>=28.1.0->chromadb>=0.5.23->crewai==0.102.0) (0.6.1)
Building wheels for collected packages: crewai
  Building editable for crewai (pyproject.toml): started
  Building editable for crewai (pyproject.toml): finished with status 'done'
  Created wheel for crewai: filename=crewai-0.102.0-py3-none-any.whl size=11731 sha256=09199a87c2e8609317b3495d12de03599d61509744b8f414c291330f8ca63836
  Stored in directory: /tmp/pip-ephem-wheel-cache-wjgea9xv/wheels/94/4b/cb/b0b4d1ca172a0a5ba7ccd33b7d9a854f2c8f90076b0af35b71
Successfully built crewai
Installing collected packages: crewai
  Attempting uninstall: crewai
    Found existing installation: crewai 0.102.0
    Uninstalling crewai-0.102.0:
      Successfully uninstalled crewai-0.102.0
Successfully installed crewai-0.102.0
WARNING: Running pip as the 'root' user can result in broken permissions and conflicting behaviour with the system package manager, possibly rendering your system unusable. It is recommended to use a virtual environment instead: https://pip.pypa.io/warnings/venv. Use the --root-user-action option if you know what you are doing and want to suppress this warning.

[notice] A new release of pip is available: 25.0.1 -> 25.2
[notice] To update, run: pip install --upgrade pip
--- Running Test ---
Found reproduce.py. Executing with python...
--- Reproduce Script: Testing version 'fixed' ---
 
[2025-09-29 20:01:30][ðŸš€ CREW 'CREW' STARTED, 4C46B343-9472-414C-B93D-68F5AEB29621]: 2025-09-29 20:01:30.682232
 
[2025-09-29 20:01:30][ðŸ“‹ TASK STARTED: A SIMPLE TASK.]: 2025-09-29 20:01:30.685218
 
[2025-09-29 20:01:30][ðŸ¤– AGENT 'TEST AGENT' STARTED TASK]: 2025-09-29 20:01:30.685815
 An unknown error occurred. Please check the details below.
 Error details: expected string or bytes-like object, got 'MagicMock'
 An unknown error occurred. Please check the details below.
 Error details: expected string or bytes-like object, got 'MagicMock'
 
[2025-09-29 20:01:30][ðŸ¤– AGENT 'TEST AGENT' STARTED TASK]: 2025-09-29 20:01:30.686861
 An unknown error occurred. Please check the details below.
 Error details: expected string or bytes-like object, got 'MagicMock'
 An unknown error occurred. Please check the details below.
 Error details: expected string or bytes-like object, got 'MagicMock'
 
[2025-09-29 20:01:30][ðŸ¤– AGENT 'TEST AGENT' STARTED TASK]: 2025-09-29 20:01:30.687330
 An unknown error occurred. Please check the details below.
 Error details: expected string or bytes-like object, got 'MagicMock'
 An unknown error occurred. Please check the details below.
 Error details: expected string or bytes-like object, got 'MagicMock'
 
[2025-09-29 20:01:30][âŒ TASK FAILED: A SIMPLE TASK.]: 2025-09-29 20:01:30.687501
 
[2025-09-29 20:01:30][âŒ CREW 'CREW' FAILED, 4C46B343-9472-414C-B93D-68F5AEB29621]: 2025-09-29 20:01:30.687529
UNEXPECTED ERROR: Caught an unexpected TypeError: expected string or bytes-like object, got 'MagicMock'
--- Test script FAILED (non-zero exit), but was expected to PASS. ---
âŒ FAILURE: The fix did not work.

--- Exit code: 1 ---
